This file contains any messages produced by compilers while
running configure, to aid debugging if configure makes a mistake.

It was created by libmonitor configure 0.x, which was
generated by GNU Autoconf 2.69.  Invocation command line was

  $ ./configure --prefix=/home/proy/CCProf/CCProf/libmonitor/libmonitor/installDir CC=gcc

## --------- ##
## Platform. ##
## --------- ##

hostname = ksunserver3
uname -m = x86_64
uname -r = 4.8.0
uname -s = Linux
uname -v = #22 SMP Tue Mar 21 14:12:08 EDT 2017

/usr/bin/uname -p = unknown
/bin/uname -X     = unknown

/bin/arch              = unknown
/usr/bin/arch -k       = unknown
/usr/convex/getsysinfo = unknown
/usr/bin/hostinfo      = unknown
/bin/machine           = unknown
/usr/bin/oslevel       = unknown
/bin/universe          = unknown

PATH: /home/proy/LIBRARIES/advisor/advisor_2018.0.1.486445/bin64
PATH: /home/proy/intelParallelStudeio/compilers_and_libraries_2016.4.258/linux/bin/intel64
PATH: /home/proy/intelParallelStudeio/compilers_and_libraries_2016.4.258/linux/mpi/intel64/bin
PATH: /home/proy/intelParallelStudeio/debugger_2016/gdb/intel64_mic/bin
PATH: /home/proy/LIBRARIES/advisor/advisor_2018.0.1.486445/bin64
PATH: /home/proy/intelParallelStudeio/compilers_and_libraries_2016.4.258/linux/bin/intel64
PATH: /home/proy/intelParallelStudeio/compilers_and_libraries_2016.4.258/linux/mpi/intel64/bin
PATH: /home/proy/intelParallelStudeio/debugger_2016/gdb/intel64_mic/bin
PATH: /opt/intel/bin
PATH: /usr/local/sbin
PATH: /usr/local/bin
PATH: /usr/sbin
PATH: /usr/bin
PATH: /sbin
PATH: /bin
PATH: /usr/games
PATH: /usr/local/games
PATH: /home/proy/LIBRARIES/hwloc-1.11.4/install/bin
PATH: /home/proy/LIBRARIES/papi/papi-5.5.0/install/bin
PATH: /home/proy/LIBRARIES/cmake/cmake-3.6.1/install/bin
PATH: /home/proy/LIBRARIES/unzip60
PATH: /home/proy/LIBRARIES/hpctoolkit/hpctoolkit/install/bin
PATH: /home/proy/LIBRARIES/boost/boost_1_61_0/install
PATH: /home/proy/LIBRARIES/jpeg-9b/install/bin
PATH: /home/proy/LIBRARIES/ImageMagick-7.0.3-1/install/bin
PATH: /home/proy/LIBRARIES/parallel-20160922/install/bin
PATH: /home/proy/LIBRARIES/autotools/m4/m4-1.4.17/install/bin
PATH: /home/proy/benchmarks/memcached/loadtester/treadmill/install/install/bin
PATH: /home/proy/benchmarks/memcached/libevent/libevent/install/bin
PATH: /home/proy/CCProf/MemTool/PAPI/PAPI/install/bin
PATH: /home/proy/LIBRARIES/caffeLibs/.caffeLIB/bin
PATH: /home/proy/LIBRARIES/hwloc-1.11.4/install/bin
PATH: /home/proy/LIBRARIES/papi/papi-5.5.0/install/bin
PATH: /home/proy/LIBRARIES/cmake/cmake-3.6.1/install/bin
PATH: /home/proy/LIBRARIES/unzip60
PATH: /home/proy/LIBRARIES/hpctoolkit/hpctoolkit/install/bin
PATH: /home/proy/LIBRARIES/boost/boost_1_61_0/install
PATH: /home/proy/LIBRARIES/jpeg-9b/install/bin
PATH: /home/proy/LIBRARIES/ImageMagick-7.0.3-1/install/bin
PATH: /home/proy/LIBRARIES/parallel-20160922/install/bin
PATH: /home/proy/LIBRARIES/autotools/m4/m4-1.4.17/install/bin
PATH: /home/proy/benchmarks/memcached/loadtester/treadmill/install/install/bin
PATH: /home/proy/benchmarks/memcached/libevent/libevent/install/bin
PATH: /home/proy/CCProf/MemTool/PAPI/PAPI/install/bin
PATH: /home/proy/LIBRARIES/caffeLibs/.caffeLIB/bin


## ----------- ##
## Core tests. ##
## ----------- ##

configure:2397: checking whether to enable maintainer-specific portions of Makefiles
configure:2406: result: no
configure:2436: checking for a BSD-compatible install
configure:2504: result: /usr/bin/install -c
configure:2515: checking whether build environment is sane
configure:2570: result: yes
configure:2721: checking for a thread-safe mkdir -p
configure:2760: result: /bin/mkdir -p
configure:2767: checking for gawk
configure:2783: found /usr/bin/gawk
configure:2794: result: gawk
configure:2805: checking whether make sets $(MAKE)
configure:2827: result: yes
configure:2856: checking whether make supports nested variables
configure:2873: result: yes
configure:3022: checking for gcc
configure:3049: result: gcc
configure:3278: checking for C compiler version
configure:3287: gcc --version >&5
gcc (Ubuntu 5.4.1-2ubuntu1~14.04) 5.4.1 20160904
Copyright (C) 2015 Free Software Foundation, Inc.
This is free software; see the source for copying conditions.  There is NO
warranty; not even for MERCHANTABILITY or FITNESS FOR A PARTICULAR PURPOSE.

configure:3298: $? = 0
configure:3287: gcc -v >&5
Using built-in specs.
COLLECT_GCC=gcc
COLLECT_LTO_WRAPPER=/usr/lib/gcc/x86_64-linux-gnu/5/lto-wrapper
Target: x86_64-linux-gnu
Configured with: ../src/configure -v --with-pkgversion='Ubuntu 5.4.1-2ubuntu1~14.04' --with-bugurl=file:///usr/share/doc/gcc-5/README.Bugs --enable-languages=c,ada,c++,java,go,d,fortran,objc,obj-c++ --prefix=/usr --program-suffix=-5 --enable-shared --enable-linker-build-id --libexecdir=/usr/lib --without-included-gettext --enable-threads=posix --libdir=/usr/lib --enable-nls --with-sysroot=/ --enable-clocale=gnu --enable-libstdcxx-debug --enable-libstdcxx-time=yes --with-default-libstdcxx-abi=gcc4-compatible --disable-libstdcxx-dual-abi --enable-gnu-unique-object --disable-vtable-verify --enable-libmpx --enable-plugin --with-system-zlib --disable-browser-plugin --enable-java-awt=gtk --enable-gtk-cairo --with-java-home=/usr/lib/jvm/java-1.5.0-gcj-5-amd64/jre --enable-java-home --with-jvm-root-dir=/usr/lib/jvm/java-1.5.0-gcj-5-amd64 --with-jvm-jar-dir=/usr/lib/jvm-exports/java-1.5.0-gcj-5-amd64 --with-arch-directory=amd64 --with-ecj-jar=/usr/share/java/eclipse-ecj.jar --enable-objc-gc --enable-multiarch --disable-werror --with-arch-32=i686 --with-abi=m64 --with-multilib-list=m32,m64,mx32 --enable-multilib --with-tune=generic --enable-checking=release --build=x86_64-linux-gnu --host=x86_64-linux-gnu --target=x86_64-linux-gnu
Thread model: posix
gcc version 5.4.1 20160904 (Ubuntu 5.4.1-2ubuntu1~14.04) 
configure:3298: $? = 0
configure:3287: gcc -V >&5
gcc: error: unrecognized command line option '-V'
gcc: fatal error: no input files
compilation terminated.
configure:3298: $? = 1
configure:3287: gcc -qversion >&5
gcc: error: unrecognized command line option '-qversion'
gcc: fatal error: no input files
compilation terminated.
configure:3298: $? = 1
configure:3318: checking whether the C compiler works
configure:3340: gcc    conftest.c  >&5
configure:3344: $? = 0
configure:3392: result: yes
configure:3395: checking for C compiler default output file name
configure:3397: result: a.out
configure:3403: checking for suffix of executables
configure:3410: gcc -o conftest    conftest.c  >&5
configure:3414: $? = 0
configure:3436: result: 
configure:3458: checking whether we are cross compiling
configure:3466: gcc -o conftest    conftest.c  >&5
configure:3470: $? = 0
configure:3477: ./conftest
configure:3481: $? = 0
configure:3496: result: no
configure:3501: checking for suffix of object files
configure:3523: gcc -c   conftest.c >&5
configure:3527: $? = 0
configure:3548: result: o
configure:3552: checking whether we are using the GNU C compiler
configure:3571: gcc -c   conftest.c >&5
configure:3571: $? = 0
configure:3580: result: yes
configure:3589: checking whether gcc accepts -g
configure:3609: gcc -c -g  conftest.c >&5
configure:3609: $? = 0
configure:3650: result: yes
configure:3667: checking for gcc option to accept ISO C89
configure:3730: gcc  -c -g -O2  conftest.c >&5
configure:3730: $? = 0
configure:3743: result: none needed
configure:3774: checking for style of include used by make
configure:3802: result: GNU
configure:3828: checking dependency style of gcc
configure:3939: result: gcc3
configure:3955: checking whether gcc and cc understand -c and -o together
configure:3986: gcc -c conftest.c -o conftest2.o >&5
configure:3990: $? = 0
configure:3996: gcc -c conftest.c -o conftest2.o >&5
configure:4000: $? = 0
configure:4011: cc -c conftest.c >&5
configure:4015: $? = 0
configure:4023: cc -c conftest.c -o conftest2.o >&5
configure:4027: $? = 0
configure:4033: cc -c conftest.c -o conftest2.o >&5
configure:4037: $? = 0
configure:4055: result: yes
configure:4085: checking how to run the C preprocessor
configure:4116: gcc -E  conftest.c
configure:4116: $? = 0
configure:4130: gcc -E  conftest.c
conftest.c:11:28: fatal error: ac_nonexistent.h: No such file or directory
compilation terminated.
configure:4130: $? = 1
configure: failed program was:
| /* confdefs.h */
| #define PACKAGE_NAME "libmonitor"
| #define PACKAGE_TARNAME "libmonitor"
| #define PACKAGE_VERSION "0.x"
| #define PACKAGE_STRING "libmonitor 0.x"
| #define PACKAGE_BUGREPORT "hpctoolkit-forum@rice.edu"
| #define PACKAGE_URL ""
| #define PACKAGE "libmonitor"
| #define VERSION "0.x"
| /* end confdefs.h.  */
| #include <ac_nonexistent.h>
configure:4155: result: gcc -E
configure:4175: gcc -E  conftest.c
configure:4175: $? = 0
configure:4189: gcc -E  conftest.c
conftest.c:11:28: fatal error: ac_nonexistent.h: No such file or directory
compilation terminated.
configure:4189: $? = 1
configure: failed program was:
| /* confdefs.h */
| #define PACKAGE_NAME "libmonitor"
| #define PACKAGE_TARNAME "libmonitor"
| #define PACKAGE_VERSION "0.x"
| #define PACKAGE_STRING "libmonitor 0.x"
| #define PACKAGE_BUGREPORT "hpctoolkit-forum@rice.edu"
| #define PACKAGE_URL ""
| #define PACKAGE "libmonitor"
| #define VERSION "0.x"
| /* end confdefs.h.  */
| #include <ac_nonexistent.h>
configure:4246: checking build system type
configure:4260: result: x86_64-unknown-linux-gnu
configure:4280: checking host system type
configure:4293: result: x86_64-unknown-linux-gnu
configure:4334: checking how to print strings
configure:4361: result: printf
configure:4382: checking for a sed that does not truncate output
configure:4446: result: /bin/sed
configure:4464: checking for grep that handles long lines and -e
configure:4522: result: /bin/grep
configure:4527: checking for egrep
configure:4589: result: /bin/grep -E
configure:4594: checking for fgrep
configure:4656: result: /bin/grep -F
configure:4691: checking for ld used by gcc
configure:4758: result: /usr/bin/ld
configure:4765: checking if the linker (/usr/bin/ld) is GNU ld
configure:4780: result: yes
configure:4792: checking for BSD- or MS-compatible name lister (nm)
configure:4841: result: /usr/bin/nm -B
configure:4971: checking the name lister (/usr/bin/nm -B) interface
configure:4978: gcc -c -g -O2  conftest.c >&5
configure:4981: /usr/bin/nm -B "conftest.o"
configure:4984: output
0000000000000000 B some_variable
configure:4991: result: BSD nm
configure:4994: checking whether ln -s works
configure:4998: result: yes
configure:5006: checking the maximum length of command line arguments
configure:5136: result: 1572864
configure:5153: checking whether the shell understands some XSI constructs
configure:5163: result: yes
configure:5167: checking whether the shell understands "+="
configure:5173: result: yes
configure:5208: checking how to convert x86_64-unknown-linux-gnu file names to x86_64-unknown-linux-gnu format
configure:5248: result: func_convert_file_noop
configure:5255: checking how to convert x86_64-unknown-linux-gnu file names to toolchain format
configure:5275: result: func_convert_file_noop
configure:5282: checking for /usr/bin/ld option to reload object files
configure:5289: result: -r
configure:5363: checking for objdump
configure:5379: found /usr/bin/objdump
configure:5390: result: objdump
configure:5422: checking how to recognize dependent libraries
configure:5624: result: pass_all
configure:5709: checking for dlltool
configure:5739: result: no
configure:5769: checking how to associate runtime and link libraries
configure:5796: result: printf %s\n
configure:5857: checking for ar
configure:5873: found /usr/bin/ar
configure:5884: result: ar
configure:5921: checking for archiver @FILE support
configure:5938: gcc -c -g -O2  conftest.c >&5
configure:5938: $? = 0
configure:5941: ar cru libconftest.a @conftest.lst >&5
configure:5944: $? = 0
configure:5949: ar cru libconftest.a @conftest.lst >&5
ar: conftest.o: No such file or directory
configure:5952: $? = 1
configure:5964: result: @
configure:6022: checking for strip
configure:6038: found /usr/bin/strip
configure:6049: result: strip
configure:6121: checking for ranlib
configure:6137: found /usr/bin/ranlib
configure:6148: result: ranlib
configure:6250: checking command to parse /usr/bin/nm -B output from gcc object
configure:6370: gcc -c -g -O2  conftest.c >&5
configure:6373: $? = 0
configure:6377: /usr/bin/nm -B conftest.o \| sed -n -e 's/^.*[ ]\([ABCDGIRSTW][ABCDGIRSTW]*\)[ ][ ]*\([_A-Za-z][_A-Za-z0-9]*\)$/\1 \2 \2/p' | sed '/ __gnu_lto/d' \> conftest.nm
configure:6380: $? = 0
configure:6446: gcc -o conftest -g -O2   conftest.c conftstm.o >&5
configure:6449: $? = 0
configure:6487: result: ok
configure:6524: checking for sysroot
configure:6554: result: no
configure:6631: gcc -c -g -O2  conftest.c >&5
configure:6634: $? = 0
configure:6816: checking for mt
configure:6832: found /bin/mt
configure:6843: result: mt
configure:6866: checking if mt is a manifest tool
configure:6872: mt '-?'
configure:6880: result: no
configure:7518: checking for ANSI C header files
configure:7538: gcc -c -g -O2  conftest.c >&5
configure:7538: $? = 0
configure:7611: gcc -o conftest -g -O2   conftest.c  >&5
configure:7611: $? = 0
configure:7611: ./conftest
configure:7611: $? = 0
configure:7622: result: yes
configure:7635: checking for sys/types.h
configure:7635: gcc -c -g -O2  conftest.c >&5
configure:7635: $? = 0
configure:7635: result: yes
configure:7635: checking for sys/stat.h
configure:7635: gcc -c -g -O2  conftest.c >&5
configure:7635: $? = 0
configure:7635: result: yes
configure:7635: checking for stdlib.h
configure:7635: gcc -c -g -O2  conftest.c >&5
configure:7635: $? = 0
configure:7635: result: yes
configure:7635: checking for string.h
configure:7635: gcc -c -g -O2  conftest.c >&5
configure:7635: $? = 0
configure:7635: result: yes
configure:7635: checking for memory.h
configure:7635: gcc -c -g -O2  conftest.c >&5
configure:7635: $? = 0
configure:7635: result: yes
configure:7635: checking for strings.h
configure:7635: gcc -c -g -O2  conftest.c >&5
configure:7635: $? = 0
configure:7635: result: yes
configure:7635: checking for inttypes.h
configure:7635: gcc -c -g -O2  conftest.c >&5
configure:7635: $? = 0
configure:7635: result: yes
configure:7635: checking for stdint.h
configure:7635: gcc -c -g -O2  conftest.c >&5
configure:7635: $? = 0
configure:7635: result: yes
configure:7635: checking for unistd.h
configure:7635: gcc -c -g -O2  conftest.c >&5
configure:7635: $? = 0
configure:7635: result: yes
configure:7649: checking for dlfcn.h
configure:7649: gcc -c -g -O2  conftest.c >&5
configure:7649: $? = 0
configure:7649: result: yes
configure:7855: checking for objdir
configure:7870: result: .libs
configure:8137: checking if gcc supports -fno-rtti -fno-exceptions
configure:8155: gcc -c -g -O2  -fno-rtti -fno-exceptions conftest.c >&5
cc1: warning: command line option '-fno-rtti' is valid for C++/ObjC++ but not for C
configure:8159: $? = 0
configure:8172: result: no
configure:8499: checking for gcc option to produce PIC
configure:8506: result: -fPIC -DPIC
configure:8514: checking if gcc PIC flag -fPIC -DPIC works
configure:8532: gcc -c -g -O2  -fPIC -DPIC -DPIC conftest.c >&5
configure:8536: $? = 0
configure:8549: result: yes
configure:8578: checking if gcc static flag -static works
configure:8606: result: yes
configure:8621: checking if gcc supports -c -o file.o
configure:8642: gcc -c -g -O2  -o out/conftest2.o conftest.c >&5
configure:8646: $? = 0
configure:8668: result: yes
configure:8676: checking if gcc supports -c -o file.o
configure:8723: result: yes
configure:8756: checking whether the gcc linker (/usr/bin/ld -m elf_x86_64) supports shared libraries
configure:9909: result: yes
configure:9946: checking whether -lc should be explicitly linked in
configure:9954: gcc -c -g -O2  conftest.c >&5
configure:9957: $? = 0
configure:9972: gcc -shared  -fPIC -DPIC conftest.o  -v -Wl,-soname -Wl,conftest -o conftest 2\>\&1 \| /bin/grep  -lc  \>/dev/null 2\>\&1
configure:9975: $? = 0
configure:9989: result: no
configure:10149: checking dynamic linker characteristics
configure:10660: gcc -o conftest -g -O2   -Wl,-rpath -Wl,/foo conftest.c  >&5
configure:10660: $? = 0
configure:10882: result: GNU/Linux ld.so
configure:10989: checking how to hardcode library paths into programs
configure:11014: result: immediate
configure:11554: checking whether stripping libraries is possible
configure:11559: result: yes
configure:11594: checking if libtool supports shared libraries
configure:11596: result: yes
configure:11599: checking whether to build shared libraries
configure:11620: result: yes
configure:11623: checking whether to build static libraries
configure:11627: result: no
configure:11669: checking for gawk
configure:11696: result: gawk
configure:11707: checking for grep that handles long lines and -e
configure:11765: result: /bin/grep
configure:11770: checking for a sed that does not truncate output
configure:11834: result: /bin/sed
configure:11864: checking for svn revision
configure:11877: result: 149
configure:11927: checking for gcc
configure:11945: found /usr/bin/gcc
configure:11957: result: /usr/bin/gcc
configure:11970: C compiler: gcc (Ubuntu 5.4.1-2ubuntu1~14.04) 5.4.1 20160904
configure:11985: checking size of void *
configure:11990: gcc -o conftest -g -O2   conftest.c  >&5
configure:11990: $? = 0
configure:11990: ./conftest
configure:11990: $? = 0
configure:12004: result: 8
configure:12016: checking host wordsize
configure:12018: result: 64 bits
configure:12062: checking if asm fence labels work with CFLAGS='-g -O2'
configure:12087: gcc -c -g -O2  conftest.c >&5
conftest.c: Assembler messages:
conftest.c:35: Error: symbol `fence' is already defined
configure:12087: $? = 1
configure: failed program was:
| /* confdefs.h */
| #define PACKAGE_NAME "libmonitor"
| #define PACKAGE_TARNAME "libmonitor"
| #define PACKAGE_VERSION "0.x"
| #define PACKAGE_STRING "libmonitor 0.x"
| #define PACKAGE_BUGREPORT "hpctoolkit-forum@rice.edu"
| #define PACKAGE_URL ""
| #define PACKAGE "libmonitor"
| #define VERSION "0.x"
| #define STDC_HEADERS 1
| #define HAVE_SYS_TYPES_H 1
| #define HAVE_SYS_STAT_H 1
| #define HAVE_STDLIB_H 1
| #define HAVE_STRING_H 1
| #define HAVE_MEMORY_H 1
| #define HAVE_STRINGS_H 1
| #define HAVE_INTTYPES_H 1
| #define HAVE_STDINT_H 1
| #define HAVE_UNISTD_H 1
| #define HAVE_DLFCN_H 1
| #define LT_OBJDIR ".libs/"
| #define SVN_REVISION 149
| #define SIZEOF_VOID_P 8
| /* end confdefs.h.  */
| 
| extern void fence;
| int baz(void);
| int foo(int x)
| {
|     int ret = 0;
|     if (x != 0) {
|         ret = baz();
|     }
|     asm (".globl fence");
|     asm ("fence:");
|     return ret;
| }
| int foo2(int y)
| {
|     y += 2;
|     return foo(y);
| }
| 
configure:12094: result: no
configure:12062: checking if asm fence labels work with CFLAGS=' -g -O0'
configure:12087: gcc -c  -g -O0  conftest.c >&5
configure:12087: $? = 0
configure:12094: result: yes
configure:12102: WARNING: modified CFLAGS to support asm fence labels
configure:12112: checking if CC supports GNU atomic ops
configure:12128: gcc -o conftest  -g -O0   conftest.c  >&5
configure:12128: $? = 0
configure:12136: result: yes
configure:12175: checking for blue gene/Q compute node
configure:12198: result: no
configure:12244: checking for library containing dlsym
configure:12275: gcc -o conftest  -g -O0   conftest.c  >&5
/tmp/ccxL86vh.o: In function `main':
/home/proy/CCProf/CCProf/libmonitor/libmonitor/conftest.c:36: undefined reference to `dlsym'
collect2: error: ld returned 1 exit status
configure:12275: $? = 1
configure: failed program was:
| /* confdefs.h */
| #define PACKAGE_NAME "libmonitor"
| #define PACKAGE_TARNAME "libmonitor"
| #define PACKAGE_VERSION "0.x"
| #define PACKAGE_STRING "libmonitor 0.x"
| #define PACKAGE_BUGREPORT "hpctoolkit-forum@rice.edu"
| #define PACKAGE_URL ""
| #define PACKAGE "libmonitor"
| #define VERSION "0.x"
| #define STDC_HEADERS 1
| #define HAVE_SYS_TYPES_H 1
| #define HAVE_SYS_STAT_H 1
| #define HAVE_STDLIB_H 1
| #define HAVE_STRING_H 1
| #define HAVE_MEMORY_H 1
| #define HAVE_STRINGS_H 1
| #define HAVE_INTTYPES_H 1
| #define HAVE_STDINT_H 1
| #define HAVE_UNISTD_H 1
| #define HAVE_DLFCN_H 1
| #define LT_OBJDIR ".libs/"
| #define SVN_REVISION 149
| #define SIZEOF_VOID_P 8
| /* end confdefs.h.  */
| 
| /* Override any GCC internal prototype to avoid an error.
|    Use char because int might match the return type of a GCC
|    builtin and then its argument prototype would still apply.  */
| #ifdef __cplusplus
| extern "C"
| #endif
| char dlsym ();
| int
| main ()
| {
| return dlsym ();
|   ;
|   return 0;
| }
configure:12275: gcc -o conftest  -g -O0   conftest.c -ldl   >&5
configure:12275: $? = 0
configure:12292: result: -ldl
configure:12304: checking for library containing __libc_start_main
configure:12335: gcc -o conftest  -g -O0   conftest.c -ldl  >&5
configure:12335: $? = 0
configure:12352: result: none required
configure:12409: checking for library containing dlopen
configure:12440: gcc -o conftest  -g -O0   conftest.c -ldl  >&5
configure:12440: $? = 0
configure:12457: result: none required
configure:12498: checking for library containing malloc
configure:12529: gcc -o conftest  -g -O0   conftest.c -ldl  >&5
conftest.c:33:6: warning: conflicting types for built-in function 'malloc'
 char malloc ();
      ^
configure:12529: $? = 0
configure:12546: result: none required
configure:12559: checking for library containing realloc
configure:12590: gcc -o conftest  -g -O0   conftest.c -ldl  >&5
conftest.c:33:6: warning: conflicting types for built-in function 'realloc'
 char realloc ();
      ^
configure:12590: $? = 0
configure:12607: result: none required
configure:12620: checking for library containing valloc
configure:12651: gcc -o conftest  -g -O0   conftest.c -ldl  >&5
configure:12651: $? = 0
configure:12668: result: none required
configure:12681: checking for library containing calloc
configure:12712: gcc -o conftest  -g -O0   conftest.c -ldl  >&5
conftest.c:33:6: warning: conflicting types for built-in function 'calloc'
 char calloc ();
      ^
configure:12712: $? = 0
configure:12729: result: none required
configure:12775: checking for library containing fork
configure:12806: gcc -o conftest  -g -O0   conftest.c -ldl  >&5
conftest.c:34:6: warning: conflicting types for built-in function 'fork'
 char fork ();
      ^
configure:12806: $? = 0
configure:12823: result: none required
configure:12835: checking for library containing execve
configure:12866: gcc -o conftest  -g -O0   conftest.c -ldl  >&5
conftest.c:34:6: warning: conflicting types for built-in function 'execve'
 char execve ();
      ^
configure:12866: $? = 0
configure:12883: result: none required
configure:12967: checking for library containing pthread_create
configure:12998: gcc -o conftest  -g -O0   conftest.c -ldl  >&5
/tmp/cc6uiq9E.o: In function `main':
/home/proy/CCProf/CCProf/libmonitor/libmonitor/conftest.c:40: undefined reference to `pthread_create'
collect2: error: ld returned 1 exit status
configure:12998: $? = 1
configure: failed program was:
| /* confdefs.h */
| #define PACKAGE_NAME "libmonitor"
| #define PACKAGE_TARNAME "libmonitor"
| #define PACKAGE_VERSION "0.x"
| #define PACKAGE_STRING "libmonitor 0.x"
| #define PACKAGE_BUGREPORT "hpctoolkit-forum@rice.edu"
| #define PACKAGE_URL ""
| #define PACKAGE "libmonitor"
| #define VERSION "0.x"
| #define STDC_HEADERS 1
| #define HAVE_SYS_TYPES_H 1
| #define HAVE_SYS_STAT_H 1
| #define HAVE_STDLIB_H 1
| #define HAVE_STRING_H 1
| #define HAVE_MEMORY_H 1
| #define HAVE_STRINGS_H 1
| #define HAVE_INTTYPES_H 1
| #define HAVE_STDINT_H 1
| #define HAVE_UNISTD_H 1
| #define HAVE_DLFCN_H 1
| #define LT_OBJDIR ".libs/"
| #define SVN_REVISION 149
| #define SIZEOF_VOID_P 8
| #define MONITOR_USE_DLOPEN 1
| #define MONITOR_USE_MEMLEAK 1
| #define MONITOR_USE_FORK 1
| #define MONITOR_USE_MPI 1
| /* end confdefs.h.  */
| 
| /* Override any GCC internal prototype to avoid an error.
|    Use char because int might match the return type of a GCC
|    builtin and then its argument prototype would still apply.  */
| #ifdef __cplusplus
| extern "C"
| #endif
| char pthread_create ();
| int
| main ()
| {
| return pthread_create ();
|   ;
|   return 0;
| }
configure:12998: gcc -o conftest  -g -O0   conftest.c -lpthread  -ldl  >&5
configure:12998: $? = 0
configure:13015: result: -lpthread
configure:13037: checking for pthread_equal in -lpthread
configure:13062: gcc -o conftest  -g -O0   conftest.c -lpthread  -lpthread -ldl  >&5
configure:13062: $? = 0
configure:13071: result: yes
configure:13079: checking for pthread_cleanup_push in -lpthread
configure:13104: gcc -o conftest  -g -O0   conftest.c -lpthread  -lpthread -ldl  >&5
/tmp/ccuwQLSI.o: In function `main':
/home/proy/CCProf/CCProf/libmonitor/libmonitor/conftest.c:42: undefined reference to `pthread_cleanup_push'
collect2: error: ld returned 1 exit status
configure:13104: $? = 1
configure: failed program was:
| /* confdefs.h */
| #define PACKAGE_NAME "libmonitor"
| #define PACKAGE_TARNAME "libmonitor"
| #define PACKAGE_VERSION "0.x"
| #define PACKAGE_STRING "libmonitor 0.x"
| #define PACKAGE_BUGREPORT "hpctoolkit-forum@rice.edu"
| #define PACKAGE_URL ""
| #define PACKAGE "libmonitor"
| #define VERSION "0.x"
| #define STDC_HEADERS 1
| #define HAVE_SYS_TYPES_H 1
| #define HAVE_SYS_STAT_H 1
| #define HAVE_STDLIB_H 1
| #define HAVE_STRING_H 1
| #define HAVE_MEMORY_H 1
| #define HAVE_STRINGS_H 1
| #define HAVE_INTTYPES_H 1
| #define HAVE_STDINT_H 1
| #define HAVE_UNISTD_H 1
| #define HAVE_DLFCN_H 1
| #define LT_OBJDIR ".libs/"
| #define SVN_REVISION 149
| #define SIZEOF_VOID_P 8
| #define MONITOR_USE_DLOPEN 1
| #define MONITOR_USE_MEMLEAK 1
| #define MONITOR_USE_FORK 1
| #define MONITOR_USE_MPI 1
| #define MONITOR_USE_PTHREADS 1
| #define MONITOR_PTHREAD_EQUAL_IS_FCN 1
| /* end confdefs.h.  */
| 
| /* Override any GCC internal prototype to avoid an error.
|    Use char because int might match the return type of a GCC
|    builtin and then its argument prototype would still apply.  */
| #ifdef __cplusplus
| extern "C"
| #endif
| char pthread_cleanup_push ();
| int
| main ()
| {
| return pthread_cleanup_push ();
|   ;
|   return 0;
| }
configure:13113: result: no
configure:13147: checking for library containing sigaction
configure:13178: gcc -o conftest  -g -O0   conftest.c -ldl  >&5
configure:13178: $? = 0
configure:13195: result: none required
configure:13238: checking client signals list
configure:13266: result: none
configure:13276: gcc -c  -g -O0  conftest.c >&5
configure:13276: $? = 0
configure:13304: checking type of __libc_start_main() function
configure:13320: result: x86
configure:13440: checking that generated files are newer than configure
configure:13446: result: done
configure:13505: creating ./config.status

## ---------------------- ##
## Running config.status. ##
## ---------------------- ##

This file was extended by libmonitor config.status 0.x, which was
generated by GNU Autoconf 2.69.  Invocation command line was

  CONFIG_FILES    = 
  CONFIG_HEADERS  = 
  CONFIG_LINKS    = 
  CONFIG_COMMANDS = 
  $ ./config.status 

on ksunserver3

config.status:1120: creating Makefile
config.status:1120: creating src/Makefile
config.status:1120: creating src/monitor-link
config.status:1120: creating src/monitor-run
config.status:1120: creating config.h
config.status:1301: config.h is unchanged
config.status:1349: executing depfiles commands
config.status:1349: executing libtool commands
configure:15735: -------------------
configure:15737: Libmonitor summary
configure:15739: -------------------
configure:15742: svn revision: 149
configure:15744: prefix: /home/proy/CCProf/CCProf/libmonitor/libmonitor/installDir
configure:15746: build: x86_64-unknown-linux-gnu
configure:15748: host:  x86_64-unknown-linux-gnu
configure:15751: C compiler: gcc (Ubuntu 5.4.1-2ubuntu1~14.04) 5.4.1 20160904
configure:15753: Path: /usr/bin/gcc
configure:15755: CC:   'gcc'
configure:15757: CFLAGS: ' -g -O0'
configure:15760: wordsize: 64 bits
configure:15762: gnu atomic ops: yes
configure:15764: enable debug: no
configure:15766: enable link preload: yes
configure:15768: enable link static: yes
configure:15770: enable dlfcn: yes
configure:15772: enable memleak: yes
configure:15774: enable fork: yes
configure:15776: enable mpi: yes
configure:15778: enable pthreads: yes
configure:15780: enable signals: yes
configure:15782: client signals: none
configure:15784: start main type: x86
configure:15804: ------------------------------------------------------------
configure:15806: WARNING: Modified -O flags in CFLAGS to support asm fence labels.
configure:15808: WARNING: Probably the compiler is duplicating code on ia64.
configure:15814: ------------------------------------------------------------

## ---------------- ##
## Cache variables. ##
## ---------------- ##

ac_cv_build=x86_64-unknown-linux-gnu
ac_cv_c_compiler_gnu=yes
ac_cv_env_CC_set=set
ac_cv_env_CC_value=gcc
ac_cv_env_CFLAGS_set=
ac_cv_env_CFLAGS_value=
ac_cv_env_CPPFLAGS_set=
ac_cv_env_CPPFLAGS_value=
ac_cv_env_CPP_set=
ac_cv_env_CPP_value=
ac_cv_env_LDFLAGS_set=
ac_cv_env_LDFLAGS_value=
ac_cv_env_LIBS_set=
ac_cv_env_LIBS_value=
ac_cv_env_build_alias_set=
ac_cv_env_build_alias_value=
ac_cv_env_host_alias_set=
ac_cv_env_host_alias_value=
ac_cv_env_target_alias_set=
ac_cv_env_target_alias_value=
ac_cv_header_dlfcn_h=yes
ac_cv_header_inttypes_h=yes
ac_cv_header_memory_h=yes
ac_cv_header_stdc=yes
ac_cv_header_stdint_h=yes
ac_cv_header_stdlib_h=yes
ac_cv_header_string_h=yes
ac_cv_header_strings_h=yes
ac_cv_header_sys_stat_h=yes
ac_cv_header_sys_types_h=yes
ac_cv_header_unistd_h=yes
ac_cv_host=x86_64-unknown-linux-gnu
ac_cv_lib_pthread_pthread_cleanup_push=no
ac_cv_lib_pthread_pthread_equal=yes
ac_cv_objext=o
ac_cv_path_CC_PATH=/usr/bin/gcc
ac_cv_path_EGREP='/bin/grep -E'
ac_cv_path_FGREP='/bin/grep -F'
ac_cv_path_GREP=/bin/grep
ac_cv_path_SED=/bin/sed
ac_cv_path_install='/usr/bin/install -c'
ac_cv_path_mkdir=/bin/mkdir
ac_cv_prog_AWK=gawk
ac_cv_prog_CPP='gcc -E'
ac_cv_prog_ac_ct_AR=ar
ac_cv_prog_ac_ct_CC=gcc
ac_cv_prog_ac_ct_MANIFEST_TOOL=mt
ac_cv_prog_ac_ct_OBJDUMP=objdump
ac_cv_prog_ac_ct_RANLIB=ranlib
ac_cv_prog_ac_ct_STRIP=strip
ac_cv_prog_cc_c89=
ac_cv_prog_cc_g=yes
ac_cv_prog_cc_gcc_c_o=yes
ac_cv_prog_make_make_set=yes
ac_cv_search___libc_start_main='none required'
ac_cv_search_calloc='none required'
ac_cv_search_dlopen='none required'
ac_cv_search_dlsym=-ldl
ac_cv_search_execve='none required'
ac_cv_search_fork='none required'
ac_cv_search_malloc='none required'
ac_cv_search_pthread_create=-lpthread
ac_cv_search_realloc='none required'
ac_cv_search_sigaction='none required'
ac_cv_search_valloc='none required'
ac_cv_sizeof_void_p=8
am_cv_CC_dependencies_compiler_type=gcc3
am_cv_make_support_nested_variables=yes
lt_cv_ar_at_file=@
lt_cv_archive_cmds_need_lc=no
lt_cv_deplibs_check_method=pass_all
lt_cv_file_magic_cmd='$MAGIC_CMD'
lt_cv_file_magic_test_file=
lt_cv_ld_reload_flag=-r
lt_cv_nm_interface='BSD nm'
lt_cv_objdir=.libs
lt_cv_path_LD=/usr/bin/ld
lt_cv_path_NM='/usr/bin/nm -B'
lt_cv_path_mainfest_tool=no
lt_cv_prog_compiler_c_o=yes
lt_cv_prog_compiler_pic='-fPIC -DPIC'
lt_cv_prog_compiler_pic_works=yes
lt_cv_prog_compiler_rtti_exceptions=no
lt_cv_prog_compiler_static_works=yes
lt_cv_prog_gnu_ld=yes
lt_cv_sharedlib_from_linklib_cmd='printf %s\n'
lt_cv_shlibpath_overrides_runpath=no
lt_cv_sys_global_symbol_pipe='sed -n -e '\''s/^.*[	 ]\([ABCDGIRSTW][ABCDGIRSTW]*\)[	 ][	 ]*\([_A-Za-z][_A-Za-z0-9]*\)$/\1 \2 \2/p'\'' | sed '\''/ __gnu_lto/d'\'''
lt_cv_sys_global_symbol_to_c_name_address='sed -n -e '\''s/^: \([^ ]*\)[ ]*$/  {\"\1\", (void *) 0},/p'\'' -e '\''s/^[ABCDGIRSTW]* \([^ ]*\) \([^ ]*\)$/  {"\2", (void *) \&\2},/p'\'''
lt_cv_sys_global_symbol_to_c_name_address_lib_prefix='sed -n -e '\''s/^: \([^ ]*\)[ ]*$/  {\"\1\", (void *) 0},/p'\'' -e '\''s/^[ABCDGIRSTW]* \([^ ]*\) \(lib[^ ]*\)$/  {"\2", (void *) \&\2},/p'\'' -e '\''s/^[ABCDGIRSTW]* \([^ ]*\) \([^ ]*\)$/  {"lib\2", (void *) \&\2},/p'\'''
lt_cv_sys_global_symbol_to_cdecl='sed -n -e '\''s/^T .* \(.*\)$/extern int \1();/p'\'' -e '\''s/^[ABCDGIRSTW]* .* \(.*\)$/extern char \1;/p'\'''
lt_cv_sys_max_cmd_len=1572864
lt_cv_to_host_file_cmd=func_convert_file_noop
lt_cv_to_tool_file_cmd=func_convert_file_noop

## ----------------- ##
## Output variables. ##
## ----------------- ##

ACLOCAL='${SHELL} /home/proy/CCProf/CCProf/libmonitor/libmonitor/config/missing aclocal-1.13'
AMDEPBACKSLASH='\'
AMDEP_FALSE='#'
AMDEP_TRUE=''
AMTAR='$${TAR-tar}'
AM_BACKSLASH='\'
AM_DEFAULT_V='$(AM_DEFAULT_VERBOSITY)'
AM_DEFAULT_VERBOSITY='1'
AM_V='$(V)'
AR='ar'
AUTOCONF='${SHELL} /home/proy/CCProf/CCProf/libmonitor/libmonitor/config/missing autoconf'
AUTOHEADER='${SHELL} /home/proy/CCProf/CCProf/libmonitor/libmonitor/config/missing autoheader'
AUTOMAKE='${SHELL} /home/proy/CCProf/CCProf/libmonitor/libmonitor/config/missing automake-1.13'
AWK='gawk'
CC='gcc'
CCDEPMODE='depmode=gcc3'
CC_PATH='/usr/bin/gcc'
CFLAGS=' -g -O0'
CPP='gcc -E'
CPPFLAGS=''
CYGPATH_W='echo'
DEFS='-DHAVE_CONFIG_H'
DEPDIR='.deps'
DLLTOOL='false'
DSYMUTIL=''
DUMPBIN=''
ECHO_C=''
ECHO_N='-n'
ECHO_T=''
EGREP='/bin/grep -E'
EXEEXT=''
FGREP='/bin/grep -F'
GREP='/bin/grep'
INSTALL_DATA='${INSTALL} -m 644'
INSTALL_PROGRAM='${INSTALL}'
INSTALL_SCRIPT='${INSTALL}'
INSTALL_STRIP_PROGRAM='$(install_sh) -c -s'
LD='/usr/bin/ld -m elf_x86_64'
LDFLAGS=''
LIBOBJS=''
LIBS='-ldl '
LIBTOOL='$(SHELL) $(top_builddir)/libtool'
LIPO=''
LN_S='ln -s'
LTLIBOBJS=''
MAINT='#'
MAINTAINER_MODE_FALSE=''
MAINTAINER_MODE_TRUE='#'
MAKEINFO='${SHELL} /home/proy/CCProf/CCProf/libmonitor/libmonitor/config/missing makeinfo'
MANIFEST_TOOL=':'
MKDIR_P='/bin/mkdir -p'
MONITOR_TEST_LINK_PRELOAD_FALSE='#'
MONITOR_TEST_LINK_PRELOAD_TRUE=''
MONITOR_TEST_LINK_STATIC_FALSE='#'
MONITOR_TEST_LINK_STATIC_TRUE=''
MONITOR_TEST_USE_DLOPEN_FALSE='#'
MONITOR_TEST_USE_DLOPEN_TRUE=''
MONITOR_TEST_USE_FORK_FALSE='#'
MONITOR_TEST_USE_FORK_TRUE=''
MONITOR_TEST_USE_GNU_ATOMIC_OPS_FALSE='#'
MONITOR_TEST_USE_GNU_ATOMIC_OPS_TRUE=''
MONITOR_TEST_USE_MEMLEAK_FALSE='#'
MONITOR_TEST_USE_MEMLEAK_TRUE=''
MONITOR_TEST_USE_MPI_FALSE='#'
MONITOR_TEST_USE_MPI_TRUE=''
MONITOR_TEST_USE_PTHREADS_FALSE='#'
MONITOR_TEST_USE_PTHREADS_TRUE=''
MONITOR_TEST_USE_SIGNALS_FALSE='#'
MONITOR_TEST_USE_SIGNALS_TRUE=''
NM='/usr/bin/nm -B'
NMEDIT=''
OBJDUMP='objdump'
OBJEXT='o'
OTOOL64=''
OTOOL=''
PACKAGE='libmonitor'
PACKAGE_BUGREPORT='hpctoolkit-forum@rice.edu'
PACKAGE_NAME='libmonitor'
PACKAGE_STRING='libmonitor 0.x'
PACKAGE_TARNAME='libmonitor'
PACKAGE_URL=''
PACKAGE_VERSION='0.x'
PATH_SEPARATOR=':'
RANLIB='ranlib'
SED='/bin/sed'
SET_MAKE=''
SHELL='/bin/sh'
STRIP='strip'
VERSION='0.x'
ac_ct_AR='ar'
ac_ct_CC='gcc'
ac_ct_DUMPBIN=''
am__EXEEXT_FALSE=''
am__EXEEXT_TRUE='#'
am__fastdepCC_FALSE='#'
am__fastdepCC_TRUE=''
am__include='include'
am__isrc=''
am__leading_dot='.'
am__nodep='_no'
am__quote=''
am__tar='$${TAR-tar} chof - "$$tardir"'
am__untar='$${TAR-tar} xf -'
bindir='${exec_prefix}/bin'
build='x86_64-unknown-linux-gnu'
build_alias=''
build_cpu='x86_64'
build_os='linux-gnu'
build_vendor='unknown'
datadir='${datarootdir}'
datarootdir='${prefix}/share'
docdir='${datarootdir}/doc/${PACKAGE_TARNAME}'
dvidir='${docdir}'
exec_prefix='${prefix}'
host='x86_64-unknown-linux-gnu'
host_alias=''
host_cpu='x86_64'
host_os='linux-gnu'
host_vendor='unknown'
htmldir='${docdir}'
includedir='${prefix}/include'
infodir='${datarootdir}/info'
install_sh='${SHELL} /home/proy/CCProf/CCProf/libmonitor/libmonitor/config/install-sh'
libdir='${exec_prefix}/lib'
libexecdir='${exec_prefix}/libexec'
localedir='${datarootdir}/locale'
localstatedir='${prefix}/var'
mandir='${datarootdir}/man'
mkdir_p='$(MKDIR_P)'
oldincludedir='/usr/include'
pdfdir='${docdir}'
prefix='/home/proy/CCProf/CCProf/libmonitor/libmonitor/installDir'
program_transform_name='s,x,x,'
psdir='${docdir}'
sbindir='${exec_prefix}/sbin'
sharedstatedir='${prefix}/com'
svn_revision='149'
sysconfdir='${prefix}/etc'
target_alias=''
wrap_list='main exit _exit dlopen dlclose malloc calloc realloc valloc free fork vfork system execl execlp execle execv execvp execve MPI_Init MPI_Init_thread MPI_Finalize MPI_Comm_rank mpi_init mpi_init_thread mpi_finalize mpi_comm_rank mpi_init_ mpi_init_thread_ mpi_finalize_ mpi_comm_rank_ mpi_init__ mpi_init_thread__ mpi_finalize__ mpi_comm_rank__ pthread_create pthread_exit sigwait sigwaitinfo sigtimedwait signal sigaction sigprocmask pthread_sigmask'

## ----------- ##
## confdefs.h. ##
## ----------- ##

/* confdefs.h */
#define PACKAGE_NAME "libmonitor"
#define PACKAGE_TARNAME "libmonitor"
#define PACKAGE_VERSION "0.x"
#define PACKAGE_STRING "libmonitor 0.x"
#define PACKAGE_BUGREPORT "hpctoolkit-forum@rice.edu"
#define PACKAGE_URL ""
#define PACKAGE "libmonitor"
#define VERSION "0.x"
#define STDC_HEADERS 1
#define HAVE_SYS_TYPES_H 1
#define HAVE_SYS_STAT_H 1
#define HAVE_STDLIB_H 1
#define HAVE_STRING_H 1
#define HAVE_MEMORY_H 1
#define HAVE_STRINGS_H 1
#define HAVE_INTTYPES_H 1
#define HAVE_STDINT_H 1
#define HAVE_UNISTD_H 1
#define HAVE_DLFCN_H 1
#define LT_OBJDIR ".libs/"
#define SVN_REVISION 149
#define SIZEOF_VOID_P 8
#define MONITOR_USE_DLOPEN 1
#define MONITOR_USE_MEMLEAK 1
#define MONITOR_USE_FORK 1
#define MONITOR_USE_MPI 1
#define MONITOR_USE_PTHREADS 1
#define MONITOR_PTHREAD_EQUAL_IS_FCN 1
#define MONITOR_USE_SIGNALS 1
#define MONITOR_CLIENT_SIGNALS_LIST 

configure: exit 0
